2022-07-11 12:20:32.701  INFO 7196 --- [restartedMain] c.cg.payment.PaymentServiceApplication   : Starting PaymentServiceApplication using Java 17.0.2 on LIN34003924 with PID 7196 (C:\Users\SMALLESH\Desktop\spring-boot-security-jwt-auth-mongodb-master\Casestudy-master\PaymentService\target\classes started by smallesh in C:\Users\SMALLESH\Desktop\spring-boot-security-jwt-auth-mongodb-master\Casestudy-master\PaymentService)
2022-07-11 12:20:32.708 DEBUG 7196 --- [restartedMain] c.cg.payment.PaymentServiceApplication   : Running with Spring Boot v2.6.7, Spring v5.3.19
2022-07-11 12:20:32.709  INFO 7196 --- [restartedMain] c.cg.payment.PaymentServiceApplication   : No active profile set, falling back to 1 default profile: "default"
2022-07-11 12:20:32.790  INFO 7196 --- [restartedMain] .e.DevToolsPropertyDefaultsPostProcessor : Devtools property defaults active! Set 'spring.devtools.add-properties' to 'false' to disable
2022-07-11 12:20:32.791  INFO 7196 --- [restartedMain] .e.DevToolsPropertyDefaultsPostProcessor : For additional web related logging consider setting the 'logging.level.web' property to 'DEBUG'
2022-07-11 12:20:33.625  INFO 7196 --- [restartedMain] .s.d.r.c.RepositoryConfigurationDelegate : Bootstrapping Spring Data MongoDB repositories in DEFAULT mode.
2022-07-11 12:20:33.791  INFO 7196 --- [restartedMain] .s.d.r.c.RepositoryConfigurationDelegate : Finished Spring Data repository scanning in 161 ms. Found 1 MongoDB repository interfaces.
2022-07-11 12:20:34.042  INFO 7196 --- [restartedMain] o.s.cloud.context.scope.GenericScope     : BeanFactory id=ef72db22-695e-3c04-acea-d9eec168040a
2022-07-11 12:20:34.734  INFO 7196 --- [restartedMain] o.s.b.w.embedded.tomcat.TomcatWebServer  : Tomcat initialized with port(s): 8084 (http)
2022-07-11 12:20:34.745  INFO 7196 --- [restartedMain] o.apache.catalina.core.StandardService   : Starting service [Tomcat]
2022-07-11 12:20:34.745  INFO 7196 --- [restartedMain] org.apache.catalina.core.StandardEngine  : Starting Servlet engine: [Apache Tomcat/9.0.62]
2022-07-11 12:20:34.858  INFO 7196 --- [restartedMain] o.a.c.c.C.[Tomcat].[localhost].[/]       : Initializing Spring embedded WebApplicationContext
2022-07-11 12:20:34.858  INFO 7196 --- [restartedMain] w.s.c.ServletWebServerApplicationContext : Root WebApplicationContext: initialization completed in 2066 ms
2022-07-11 12:20:35.004  INFO 7196 --- [restartedMain] org.mongodb.driver.cluster               : Cluster created with settings {hosts=[localhost:27017], mode=SINGLE, requiredClusterType=UNKNOWN, serverSelectionTimeout='30000 ms'}
2022-07-11 12:20:35.066  INFO 7196 --- [cluster-ClusterId{value='62cbc83a16ce1348bffcf006', description='null'}-localhost:27017] org.mongodb.driver.connection            : Opened connection [connectionId{localValue:2, serverValue:24}] to localhost:27017
2022-07-11 12:20:35.066  INFO 7196 --- [cluster-rtt-ClusterId{value='62cbc83a16ce1348bffcf006', description='null'}-localhost:27017] org.mongodb.driver.connection            : Opened connection [connectionId{localValue:1, serverValue:23}] to localhost:27017
2022-07-11 12:20:35.067  INFO 7196 --- [cluster-ClusterId{value='62cbc83a16ce1348bffcf006', description='null'}-localhost:27017] org.mongodb.driver.cluster               : Monitor thread successfully connected to server with description ServerDescription{address=localhost:27017, type=STANDALONE, state=CONNECTED, ok=true, minWireVersion=0, maxWireVersion=13, maxDocumentSize=16777216, logicalSessionTimeoutMinutes=30, roundTripTimeNanos=23680600}
2022-07-11 12:20:35.110  WARN 7196 --- [restartedMain] o.s.data.convert.CustomConversions       : Registering converter from class java.time.LocalDateTime to class org.joda.time.LocalDateTime as reading converter although it doesn't convert from a store-supported type! You might want to check your annotation setup at the converter implementation.
2022-07-11 12:20:35.203  WARN 7196 --- [restartedMain] o.s.b.d.a.OptionalLiveReloadServer       : Unable to start LiveReload server
2022-07-11 12:20:35.249  WARN 7196 --- [restartedMain] o.s.data.convert.CustomConversions       : Registering converter from class java.time.LocalDateTime to class org.joda.time.LocalDateTime as reading converter although it doesn't convert from a store-supported type! You might want to check your annotation setup at the converter implementation.
2022-07-11 12:20:36.953  INFO 7196 --- [restartedMain] DiscoveryClientOptionalArgsConfiguration : Eureka HTTP Client uses RestTemplate.
2022-07-11 12:20:37.223  WARN 7196 --- [restartedMain] iguration$LoadBalancerCaffeineWarnLogger : Spring Cloud LoadBalancer is currently working with the default cache. While this cache implementation is useful for development and tests, it's recommended to use Caffeine cache in production.You can switch to using Caffeine cache, by adding it and org.springframework.cache.caffeine.CaffeineCacheManager to the classpath.
2022-07-11 12:20:37.292  INFO 7196 --- [restartedMain] o.s.c.n.eureka.InstanceInfoFactory       : Setting initial instance status as: STARTING
2022-07-11 12:20:37.351  INFO 7196 --- [restartedMain] com.netflix.discovery.DiscoveryClient    : Initializing Eureka in region us-east-1
2022-07-11 12:20:37.357  INFO 7196 --- [restartedMain] c.n.d.s.r.aws.ConfigClusterResolver      : Resolving eureka endpoints via configuration
2022-07-11 12:20:37.389  INFO 7196 --- [restartedMain] com.netflix.discovery.DiscoveryClient    : Disable delta property : false
2022-07-11 12:20:37.390  INFO 7196 --- [restartedMain] com.netflix.discovery.DiscoveryClient    : Single vip registry refresh property : null
2022-07-11 12:20:37.390  INFO 7196 --- [restartedMain] com.netflix.discovery.DiscoveryClient    : Force full registry fetch : false
2022-07-11 12:20:37.390  INFO 7196 --- [restartedMain] com.netflix.discovery.DiscoveryClient    : Application is null : false
2022-07-11 12:20:37.390  INFO 7196 --- [restartedMain] com.netflix.discovery.DiscoveryClient    : Registered Applications size is zero : true
2022-07-11 12:20:37.390  INFO 7196 --- [restartedMain] com.netflix.discovery.DiscoveryClient    : Application version is -1: true
2022-07-11 12:20:37.390  INFO 7196 --- [restartedMain] com.netflix.discovery.DiscoveryClient    : Getting all instance registry info from the eureka server
2022-07-11 12:20:37.736  INFO 7196 --- [restartedMain] com.netflix.discovery.DiscoveryClient    : The response status is 200
2022-07-11 12:20:37.743  INFO 7196 --- [restartedMain] com.netflix.discovery.DiscoveryClient    : Starting heartbeat executor: renew interval is: 30
2022-07-11 12:20:37.750  INFO 7196 --- [restartedMain] c.n.discovery.InstanceInfoReplicator     : InstanceInfoReplicator onDemand update allowed rate per min is 4
2022-07-11 12:20:37.765  INFO 7196 --- [restartedMain] com.netflix.discovery.DiscoveryClient    : Discovery Client initialized at timestamp 1657522237764 with initial instances count: 3
2022-07-11 12:20:37.766  INFO 7196 --- [restartedMain] o.s.c.n.e.s.EurekaServiceRegistry        : Registering application PAYMENTSERVICE with eureka with status UP
2022-07-11 12:20:37.767  INFO 7196 --- [restartedMain] com.netflix.discovery.DiscoveryClient    : Saw local status change event StatusChangeEvent [timestamp=1657522237767, current=UP, previous=STARTING]
2022-07-11 12:20:37.769  INFO 7196 --- [DiscoveryClient-InstanceInfoReplicator-0] com.netflix.discovery.DiscoveryClient    : DiscoveryClient_PAYMENTSERVICE/LIN34003924.corp.capgemini.com:PaymentService:8084: registering service...
2022-07-11 12:20:37.798  INFO 7196 --- [restartedMain] o.s.b.w.embedded.tomcat.TomcatWebServer  : Tomcat started on port(s): 8084 (http) with context path ''
2022-07-11 12:20:37.799  INFO 7196 --- [restartedMain] .s.c.n.e.s.EurekaAutoServiceRegistration : Updating port to 8084
2022-07-11 12:20:37.813  INFO 7196 --- [DiscoveryClient-InstanceInfoReplicator-0] com.netflix.discovery.DiscoveryClient    : DiscoveryClient_PAYMENTSERVICE/LIN34003924.corp.capgemini.com:PaymentService:8084 - registration status: 204
2022-07-11 12:20:37.980  INFO 7196 --- [restartedMain] c.cg.payment.PaymentServiceApplication   : Started PaymentServiceApplication in 6.095 seconds (JVM running for 7.115)
2022-07-11 12:25:37.396  INFO 7196 --- [AsyncResolver-bootstrap-executor-0] c.n.d.s.r.aws.ConfigClusterResolver      : Resolving eureka endpoints via configuration
2022-07-11 12:30:37.403  INFO 7196 --- [AsyncResolver-bootstrap-executor-0] c.n.d.s.r.aws.ConfigClusterResolver      : Resolving eureka endpoints via configuration
2022-07-11 12:35:37.406  INFO 7196 --- [AsyncResolver-bootstrap-executor-0] c.n.d.s.r.aws.ConfigClusterResolver      : Resolving eureka endpoints via configuration
2022-07-11 12:40:37.410  INFO 7196 --- [AsyncResolver-bootstrap-executor-0] c.n.d.s.r.aws.ConfigClusterResolver      : Resolving eureka endpoints via configuration
2022-07-11 12:45:37.414  INFO 7196 --- [AsyncResolver-bootstrap-executor-0] c.n.d.s.r.aws.ConfigClusterResolver      : Resolving eureka endpoints via configuration
2022-07-11 12:50:37.418  INFO 7196 --- [AsyncResolver-bootstrap-executor-0] c.n.d.s.r.aws.ConfigClusterResolver      : Resolving eureka endpoints via configuration
2022-07-11 12:55:37.421  INFO 7196 --- [AsyncResolver-bootstrap-executor-0] c.n.d.s.r.aws.ConfigClusterResolver      : Resolving eureka endpoints via configuration
2022-07-11 13:00:37.434  INFO 7196 --- [AsyncResolver-bootstrap-executor-0] c.n.d.s.r.aws.ConfigClusterResolver      : Resolving eureka endpoints via configuration
2022-07-11 13:05:37.438  INFO 7196 --- [AsyncResolver-bootstrap-executor-0] c.n.d.s.r.aws.ConfigClusterResolver      : Resolving eureka endpoints via configuration
2022-07-11 13:10:37.451  INFO 7196 --- [AsyncResolver-bootstrap-executor-0] c.n.d.s.r.aws.ConfigClusterResolver      : Resolving eureka endpoints via configuration
2022-07-11 13:15:37.454  INFO 7196 --- [AsyncResolver-bootstrap-executor-0] c.n.d.s.r.aws.ConfigClusterResolver      : Resolving eureka endpoints via configuration
2022-07-11 13:20:37.470  INFO 7196 --- [AsyncResolver-bootstrap-executor-0] c.n.d.s.r.aws.ConfigClusterResolver      : Resolving eureka endpoints via configuration
2022-07-11 13:25:37.477  INFO 7196 --- [AsyncResolver-bootstrap-executor-0] c.n.d.s.r.aws.ConfigClusterResolver      : Resolving eureka endpoints via configuration
2022-07-11 13:30:37.480  INFO 7196 --- [AsyncResolver-bootstrap-executor-0] c.n.d.s.r.aws.ConfigClusterResolver      : Resolving eureka endpoints via configuration
2022-07-11 13:35:37.482  INFO 7196 --- [AsyncResolver-bootstrap-executor-0] c.n.d.s.r.aws.ConfigClusterResolver      : Resolving eureka endpoints via configuration
2022-07-11 13:40:37.485  INFO 7196 --- [AsyncResolver-bootstrap-executor-0] c.n.d.s.r.aws.ConfigClusterResolver      : Resolving eureka endpoints via configuration
2022-07-11 13:45:37.488  INFO 7196 --- [AsyncResolver-bootstrap-executor-0] c.n.d.s.r.aws.ConfigClusterResolver      : Resolving eureka endpoints via configuration
2022-07-11 13:50:37.490  INFO 7196 --- [AsyncResolver-bootstrap-executor-0] c.n.d.s.r.aws.ConfigClusterResolver      : Resolving eureka endpoints via configuration
2022-07-11 13:55:37.492  INFO 7196 --- [AsyncResolver-bootstrap-executor-0] c.n.d.s.r.aws.ConfigClusterResolver      : Resolving eureka endpoints via configuration
